==2210== Memcheck, a memory error detector
==2210== Copyright (C) 2002-2015, and GNU GPL'd, by Julian Seward et al.
==2210== Using Valgrind-3.12.0 and LibVEX; rerun with -h for copyright info
==2210== Command: ./gwion -d dummy
==2210== Parent PID: 27811
==2210== 
==2210== 
==2210== HEAP SUMMARY:
==2210==     in use at exit: 18,786,960 bytes in 26,135 blocks
==2210==   total heap usage: 63,556 allocs, 37,421 frees, 30,092,472 bytes allocated
==2210== 
==2210== 32 bytes in 1 blocks are definitely lost in loss record 9,761 of 17,861
==2210==    at 0x4C2AB8D: malloc (in /usr/lib/valgrind/vgpreload_memcheck-amd64-linux.so)
==2210==    by 0x428B9C: new_VM_Object (oo.c:13)
==2210==    by 0x428669: add_global_type (type_utils.c:198)
==2210==    by 0x900880C: ???
==2210==    by 0x42956A: type_engine_init (type.c:183)
==2210==    by 0x41D56C: main (main.c:214)
==2210== 
==2210== 129,858 (120 direct, 129,738 indirect) bytes in 1 blocks are definitely lost in loss record 17,860 of 17,861
==2210==    at 0x4C2CA40: calloc (in /usr/lib/valgrind/vgpreload_memcheck-amd64-linux.so)
==2210==    by 0x4345DF: new_NameSpace (namespace.c:94)
==2210==    by 0x4352FE: import_class_begin (import.c:90)
==2210==    by 0x9008847: ???
==2210==    by 0x42956A: type_engine_init (type.c:183)
==2210==    by 0x41D56C: main (main.c:214)
==2210== 
==2210== 135,344 (120 direct, 135,224 indirect) bytes in 1 blocks are definitely lost in loss record 17,861 of 17,861
==2210==    at 0x4C2CA40: calloc (in /usr/lib/valgrind/vgpreload_memcheck-amd64-linux.so)
==2210==    by 0x420BEF: new_Env (env.c:6)
==2210==    by 0x4290A8: type_engine_init (type.c:78)
==2210==    by 0x41D56C: main (main.c:214)
==2210== 
==2210== LEAK SUMMARY:
==2210==    definitely lost: 272 bytes in 3 blocks
==2210==    indirectly lost: 264,962 bytes in 322 blocks
==2210==      possibly lost: 0 bytes in 0 blocks
==2210==    still reachable: 18,521,726 bytes in 25,810 blocks
==2210==         suppressed: 0 bytes in 0 blocks
==2210== Reachable blocks (those to which a pointer was found) are not shown.
==2210== To see them, rerun with: --leak-check=full --show-leak-kinds=all
==2210== 
==2210== For counts of detected and suppressed errors, rerun with: -v
==2210== ERROR SUMMARY: 3 errors from 3 contexts (suppressed: 0 from 0)
