==3834== Memcheck, a memory error detector
==3834== Copyright (C) 2002-2015, and GNU GPL'd, by Julian Seward et al.
==3834== Using Valgrind-3.12.0 and LibVEX; rerun with -h for copyright info
==3834== Command: ../..//gwion -a -d dummy Tdiv.gw
==3834== Parent PID: 12296
==3834== 
==3834== 
==3834== HEAP SUMMARY:
==3834==     in use at exit: 4,296 bytes in 5 blocks
==3834==   total heap usage: 36,957 allocs, 36,952 frees, 40,569,301 bytes allocated
==3834== 
==3834== LEAK SUMMARY:
==3834==    definitely lost: 64 bytes in 2 blocks
==3834==    indirectly lost: 4,232 bytes in 3 blocks
==3834==      possibly lost: 0 bytes in 0 blocks
==3834==    still reachable: 0 bytes in 0 blocks
==3834==         suppressed: 0 bytes in 0 blocks
==3834== Rerun with --leak-check=full to see details of leaked memory
==3834== 
==3834== For counts of detected and suppressed errors, rerun with: -v
==3834== ERROR SUMMARY: 0 errors from 0 contexts (suppressed: 0 from 0)
