==3863== Memcheck, a memory error detector
==3863== Copyright (C) 2002-2015, and GNU GPL'd, by Julian Seward et al.
==3863== Using Valgrind-3.12.0 and LibVEX; rerun with -h for copyright info
==3863== Command: ../..//gwion -a -d dummy Tenv2.gw
==3863== Parent PID: 12296
==3863== 
==3863== 
==3863== HEAP SUMMARY:
==3863==     in use at exit: 4,296 bytes in 5 blocks
==3863==   total heap usage: 36,957 allocs, 36,952 frees, 40,569,344 bytes allocated
==3863== 
==3863== LEAK SUMMARY:
==3863==    definitely lost: 64 bytes in 2 blocks
==3863==    indirectly lost: 4,232 bytes in 3 blocks
==3863==      possibly lost: 0 bytes in 0 blocks
==3863==    still reachable: 0 bytes in 0 blocks
==3863==         suppressed: 0 bytes in 0 blocks
==3863== Rerun with --leak-check=full to see details of leaked memory
==3863== 
==3863== For counts of detected and suppressed errors, rerun with: -v
==3863== ERROR SUMMARY: 0 errors from 0 contexts (suppressed: 0 from 0)
