==3872== Memcheck, a memory error detector
==3872== Copyright (C) 2002-2015, and GNU GPL'd, by Julian Seward et al.
==3872== Using Valgrind-3.12.0 and LibVEX; rerun with -h for copyright info
==3872== Command: ../..//gwion -a -d dummy Tenv.gw
==3872== Parent PID: 12296
==3872== 
==3872== 
==3872== HEAP SUMMARY:
==3872==     in use at exit: 4,296 bytes in 5 blocks
==3872==   total heap usage: 37,023 allocs, 37,018 frees, 40,610,841 bytes allocated
==3872== 
==3872== LEAK SUMMARY:
==3872==    definitely lost: 64 bytes in 2 blocks
==3872==    indirectly lost: 4,232 bytes in 3 blocks
==3872==      possibly lost: 0 bytes in 0 blocks
==3872==    still reachable: 0 bytes in 0 blocks
==3872==         suppressed: 0 bytes in 0 blocks
==3872== Rerun with --leak-check=full to see details of leaked memory
==3872== 
==3872== For counts of detected and suppressed errors, rerun with: -v
==3872== ERROR SUMMARY: 0 errors from 0 contexts (suppressed: 0 from 0)
