==3881== Memcheck, a memory error detector
==3881== Copyright (C) 2002-2015, and GNU GPL'd, by Julian Seward et al.
==3881== Using Valgrind-3.12.0 and LibVEX; rerun with -h for copyright info
==3881== Command: ../..//gwion -a -d dummy Tenvx.gw
==3881== Parent PID: 12296
==3881== 
==3881== 
==3881== HEAP SUMMARY:
==3881==     in use at exit: 4,296 bytes in 5 blocks
==3881==   total heap usage: 37,022 allocs, 37,017 frees, 40,610,808 bytes allocated
==3881== 
==3881== LEAK SUMMARY:
==3881==    definitely lost: 64 bytes in 2 blocks
==3881==    indirectly lost: 4,232 bytes in 3 blocks
==3881==      possibly lost: 0 bytes in 0 blocks
==3881==    still reachable: 0 bytes in 0 blocks
==3881==         suppressed: 0 bytes in 0 blocks
==3881== Rerun with --leak-check=full to see details of leaked memory
==3881== 
==3881== For counts of detected and suppressed errors, rerun with: -v
==3881== ERROR SUMMARY: 0 errors from 0 contexts (suppressed: 0 from 0)
