==3908== Memcheck, a memory error detector
==3908== Copyright (C) 2002-2015, and GNU GPL'd, by Julian Seward et al.
==3908== Using Valgrind-3.12.0 and LibVEX; rerun with -h for copyright info
==3908== Command: ../..//gwion -a -d dummy Tgate.gw
==3908== Parent PID: 12296
==3908== 
==3908== 
==3908== HEAP SUMMARY:
==3908==     in use at exit: 4,296 bytes in 5 blocks
==3908==   total heap usage: 36,892 allocs, 36,887 frees, 40,527,888 bytes allocated
==3908== 
==3908== LEAK SUMMARY:
==3908==    definitely lost: 64 bytes in 2 blocks
==3908==    indirectly lost: 4,232 bytes in 3 blocks
==3908==      possibly lost: 0 bytes in 0 blocks
==3908==    still reachable: 0 bytes in 0 blocks
==3908==         suppressed: 0 bytes in 0 blocks
==3908== Rerun with --leak-check=full to see details of leaked memory
==3908== 
==3908== For counts of detected and suppressed errors, rerun with: -v
==3908== ERROR SUMMARY: 0 errors from 0 contexts (suppressed: 0 from 0)
