==3917== Memcheck, a memory error detector
==3917== Copyright (C) 2002-2015, and GNU GPL'd, by Julian Seward et al.
==3917== Using Valgrind-3.12.0 and LibVEX; rerun with -h for copyright info
==3917== Command: ../..//gwion -a -d dummy Thresh.gw
==3917== Parent PID: 12296
==3917== 
==3917== 
==3917== HEAP SUMMARY:
==3917==     in use at exit: 16 bytes in 1 blocks
==3917==   total heap usage: 36,953 allocs, 36,952 frees, 40,565,047 bytes allocated
==3917== 
==3917== LEAK SUMMARY:
==3917==    definitely lost: 16 bytes in 1 blocks
==3917==    indirectly lost: 0 bytes in 0 blocks
==3917==      possibly lost: 0 bytes in 0 blocks
==3917==    still reachable: 0 bytes in 0 blocks
==3917==         suppressed: 0 bytes in 0 blocks
==3917== Rerun with --leak-check=full to see details of leaked memory
==3917== 
==3917== For counts of detected and suppressed errors, rerun with: -v
==3917== ERROR SUMMARY: 0 errors from 0 contexts (suppressed: 0 from 0)
