==3945== Memcheck, a memory error detector
==3945== Copyright (C) 2002-2015, and GNU GPL'd, by Julian Seward et al.
==3945== Using Valgrind-3.12.0 and LibVEX; rerun with -h for copyright info
==3945== Command: ../..//gwion -a -d dummy Timer.gw
==3945== Parent PID: 12296
==3945== 
==3945== 
==3945== HEAP SUMMARY:
==3945==     in use at exit: 16 bytes in 1 blocks
==3945==   total heap usage: 36,809 allocs, 36,808 frees, 40,482,038 bytes allocated
==3945== 
==3945== LEAK SUMMARY:
==3945==    definitely lost: 16 bytes in 1 blocks
==3945==    indirectly lost: 0 bytes in 0 blocks
==3945==      possibly lost: 0 bytes in 0 blocks
==3945==    still reachable: 0 bytes in 0 blocks
==3945==         suppressed: 0 bytes in 0 blocks
==3945== Rerun with --leak-check=full to see details of leaked memory
==3945== 
==3945== For counts of detected and suppressed errors, rerun with: -v
==3945== ERROR SUMMARY: 0 errors from 0 contexts (suppressed: 0 from 0)
