==3955== Memcheck, a memory error detector
==3955== Copyright (C) 2002-2015, and GNU GPL'd, by Julian Seward et al.
==3955== Using Valgrind-3.12.0 and LibVEX; rerun with -h for copyright info
==3955== Command: ../..//gwion -a -d dummy Tin.gw
==3955== Parent PID: 12296
==3955== 
==3955== 
==3955== HEAP SUMMARY:
==3955==     in use at exit: 4,296 bytes in 5 blocks
==3955==   total heap usage: 36,813 allocs, 36,808 frees, 40,486,304 bytes allocated
==3955== 
==3955== LEAK SUMMARY:
==3955==    definitely lost: 64 bytes in 2 blocks
==3955==    indirectly lost: 4,232 bytes in 3 blocks
==3955==      possibly lost: 0 bytes in 0 blocks
==3955==    still reachable: 0 bytes in 0 blocks
==3955==         suppressed: 0 bytes in 0 blocks
==3955== Rerun with --leak-check=full to see details of leaked memory
==3955== 
==3955== For counts of detected and suppressed errors, rerun with: -v
==3955== ERROR SUMMARY: 0 errors from 0 contexts (suppressed: 0 from 0)
