==3988== Memcheck, a memory error detector
==3988== Copyright (C) 2002-2015, and GNU GPL'd, by Julian Seward et al.
==3988== Using Valgrind-3.12.0 and LibVEX; rerun with -h for copyright info
==3988== Command: ../..//gwion -a -d dummy Tone.gw
==3988== Parent PID: 12296
==3988== 
==3988== 
==3988== HEAP SUMMARY:
==3988==     in use at exit: 16 bytes in 1 blocks
==3988==   total heap usage: 36,888 allocs, 36,887 frees, 40,523,633 bytes allocated
==3988== 
==3988== LEAK SUMMARY:
==3988==    definitely lost: 16 bytes in 1 blocks
==3988==    indirectly lost: 0 bytes in 0 blocks
==3988==      possibly lost: 0 bytes in 0 blocks
==3988==    still reachable: 0 bytes in 0 blocks
==3988==         suppressed: 0 bytes in 0 blocks
==3988== Rerun with --leak-check=full to see details of leaked memory
==3988== 
==3988== For counts of detected and suppressed errors, rerun with: -v
==3988== ERROR SUMMARY: 0 errors from 0 contexts (suppressed: 0 from 0)
