==4007== Memcheck, a memory error detector
==4007== Copyright (C) 2002-2015, and GNU GPL'd, by Julian Seward et al.
==4007== Using Valgrind-3.12.0 and LibVEX; rerun with -h for copyright info
==4007== Command: ../..//gwion -a -d dummy Tseg.gw
==4007== Parent PID: 12296
==4007== 
==4007== 
==4007== HEAP SUMMARY:
==4007==     in use at exit: 4,368 bytes in 6 blocks
==4007==   total heap usage: 37,102 allocs, 37,096 frees, 40,654,881 bytes allocated
==4007== 
==4007== LEAK SUMMARY:
==4007==    definitely lost: 72 bytes in 2 blocks
==4007==    indirectly lost: 4,296 bytes in 4 blocks
==4007==      possibly lost: 0 bytes in 0 blocks
==4007==    still reachable: 0 bytes in 0 blocks
==4007==         suppressed: 0 bytes in 0 blocks
==4007== Rerun with --leak-check=full to see details of leaked memory
==4007== 
==4007== For counts of detected and suppressed errors, rerun with: -v
==4007== ERROR SUMMARY: 0 errors from 0 contexts (suppressed: 0 from 0)
