==4016== Memcheck, a memory error detector
==4016== Copyright (C) 2002-2015, and GNU GPL'd, by Julian Seward et al.
==4016== Using Valgrind-3.12.0 and LibVEX; rerun with -h for copyright info
==4016== Command: ../..//gwion -a -d dummy Vdelay.gw
==4016== Parent PID: 12296
==4016== 
==4016== 
==4016== HEAP SUMMARY:
==4016==     in use at exit: 88 bytes in 4 blocks
==4016==   total heap usage: 36,970 allocs, 36,966 frees, 40,567,767 bytes allocated
==4016== 
==4016== LEAK SUMMARY:
==4016==    definitely lost: 32 bytes in 2 blocks
==4016==    indirectly lost: 56 bytes in 2 blocks
==4016==      possibly lost: 0 bytes in 0 blocks
==4016==    still reachable: 0 bytes in 0 blocks
==4016==         suppressed: 0 bytes in 0 blocks
==4016== Rerun with --leak-check=full to see details of leaked memory
==4016== 
==4016== For counts of detected and suppressed errors, rerun with: -v
==4016== ERROR SUMMARY: 0 errors from 0 contexts (suppressed: 0 from 0)
