==4025== Memcheck, a memory error detector
==4025== Copyright (C) 2002-2015, and GNU GPL'd, by Julian Seward et al.
==4025== Using Valgrind-3.12.0 and LibVEX; rerun with -h for copyright info
==4025== Command: ../..//gwion -a -d dummy Vocoder.gw
==4025== Parent PID: 12296
==4025== 
==4025== 
==4025== HEAP SUMMARY:
==4025==     in use at exit: 16 bytes in 1 blocks
==4025==   total heap usage: 37,027 allocs, 37,026 frees, 40,613,974 bytes allocated
==4025== 
==4025== LEAK SUMMARY:
==4025==    definitely lost: 16 bytes in 1 blocks
==4025==    indirectly lost: 0 bytes in 0 blocks
==4025==      possibly lost: 0 bytes in 0 blocks
==4025==    still reachable: 0 bytes in 0 blocks
==4025==         suppressed: 0 bytes in 0 blocks
==4025== Rerun with --leak-check=full to see details of leaked memory
==4025== 
==4025== For counts of detected and suppressed errors, rerun with: -v
==4025== ERROR SUMMARY: 0 errors from 0 contexts (suppressed: 0 from 0)
