==4035== Memcheck, a memory error detector
==4035== Copyright (C) 2002-2015, and GNU GPL'd, by Julian Seward et al.
==4035== Using Valgrind-3.12.0 and LibVEX; rerun with -h for copyright info
==4035== Command: ../..//gwion -a -d dummy Waveset.gw
==4035== Parent PID: 12296
==4035== 
==4035== 
==4035== HEAP SUMMARY:
==4035==     in use at exit: 112 bytes in 4 blocks
==4035==   total heap usage: 36,970 allocs, 36,966 frees, 40,567,798 bytes allocated
==4035== 
==4035== LEAK SUMMARY:
==4035==    definitely lost: 32 bytes in 2 blocks
==4035==    indirectly lost: 80 bytes in 2 blocks
==4035==      possibly lost: 0 bytes in 0 blocks
==4035==    still reachable: 0 bytes in 0 blocks
==4035==         suppressed: 0 bytes in 0 blocks
==4035== Rerun with --leak-check=full to see details of leaked memory
==4035== 
==4035== For counts of detected and suppressed errors, rerun with: -v
==4035== ERROR SUMMARY: 0 errors from 0 contexts (suppressed: 0 from 0)
