==4054== Memcheck, a memory error detector
==4054== Copyright (C) 2002-2015, and GNU GPL'd, by Julian Seward et al.
==4054== Using Valgrind-3.12.0 and LibVEX; rerun with -h for copyright info
==4054== Command: ../..//gwion -a -d dummy Zitarev.gw
==4054== Parent PID: 12296
==4054== 
==4054== 
==4054== HEAP SUMMARY:
==4054==     in use at exit: 16 bytes in 1 blocks
==4054==   total heap usage: 37,547 allocs, 37,546 frees, 41,838,126 bytes allocated
==4054== 
==4054== LEAK SUMMARY:
==4054==    definitely lost: 16 bytes in 1 blocks
==4054==    indirectly lost: 0 bytes in 0 blocks
==4054==      possibly lost: 0 bytes in 0 blocks
==4054==    still reachable: 0 bytes in 0 blocks
==4054==         suppressed: 0 bytes in 0 blocks
==4054== Rerun with --leak-check=full to see details of leaked memory
==4054== 
==4054== For counts of detected and suppressed errors, rerun with: -v
==4054== ERROR SUMMARY: 0 errors from 0 contexts (suppressed: 0 from 0)
